app/build/intermediates/manifest_merge_blame_file/debug/manifest-merger-blame-debug-report.txt
1<?xml version="1.0" encoding="utf-8"?>
2<manifest xmlns:android="http://schemas.android.com/apk/res/android"
3    package="com.efe.titak"
4    android:versionCode="13"
5    android:versionName="2.2" >
6
7    <uses-sdk
8        android:minSdkVersion="24"
9        android:targetSdkVersion="34" />
10
11    <!-- Ekran üstü kayan menü için -->
12    <uses-permission android:name="android.permission.SYSTEM_ALERT_WINDOW" />
12-->src\main\AndroidManifest.xml:5:5-78
12-->src\main\AndroidManifest.xml:5:22-75
13    <!-- Arka plan servisi için -->
14    <uses-permission android:name="android.permission.FOREGROUND_SERVICE" />
14-->src\main\AndroidManifest.xml:7:5-77
14-->src\main\AndroidManifest.xml:7:22-74
15    <uses-permission android:name="android.permission.FOREGROUND_SERVICE_SPECIAL_USE" />
15-->src\main\AndroidManifest.xml:8:5-89
15-->src\main\AndroidManifest.xml:8:22-86
16    <!-- Vibrasyon (başarı bildirimi) -->
17    <uses-permission android:name="android.permission.VIBRATE" />
17-->src\main\AndroidManifest.xml:10:5-66
17-->src\main\AndroidManifest.xml:10:22-63
18    <!-- APK Kurma İzni -->
19    <uses-permission android:name="android.permission.REQUEST_INSTALL_PACKAGES" />
19-->src\main\AndroidManifest.xml:12:5-83
19-->src\main\AndroidManifest.xml:12:22-80
20    <uses-permission android:name="android.permission.INTERNET" />
20-->src\main\AndroidManifest.xml:13:5-67
20-->src\main\AndroidManifest.xml:13:22-64
21    <uses-permission
21-->src\main\AndroidManifest.xml:14:5-108
22        android:name="android.permission.WRITE_EXTERNAL_STORAGE"
22-->src\main\AndroidManifest.xml:14:22-78
23        android:maxSdkVersion="28" />
23-->src\main\AndroidManifest.xml:14:79-105
24
25    <permission
25-->[androidx.core:core:1.9.0] AndroidManifest.xml:22:5-24:47
26        android:name="com.efe.titak.DYNAMIC_RECEIVER_NOT_EXPORTED_PERMISSION"
26-->[androidx.core:core:1.9.0] AndroidManifest.xml:23:9-81
27        android:protectionLevel="signature" />
27-->[androidx.core:core:1.9.0] AndroidManifest.xml:24:9-44
28
29    <uses-permission android:name="com.efe.titak.DYNAMIC_RECEIVER_NOT_EXPORTED_PERMISSION" />
29-->[androidx.core:core:1.9.0] AndroidManifest.xml:26:5-97
29-->[androidx.core:core:1.9.0] AndroidManifest.xml:26:22-94
30
31    <application
31-->src\main\AndroidManifest.xml:16:5-84:19
32        android:allowBackup="true"
32-->src\main\AndroidManifest.xml:17:9-35
33        android:appComponentFactory="androidx.core.app.CoreComponentFactory"
33-->[androidx.core:core:1.9.0] AndroidManifest.xml:28:18-86
34        android:debuggable="true"
35        android:extractNativeLibs="false"
36        android:icon="@mipmap/ic_launcher"
36-->src\main\AndroidManifest.xml:18:9-43
37        android:label="@string/app_name"
37-->src\main\AndroidManifest.xml:19:9-41
38        android:roundIcon="@mipmap/ic_launcher_round"
38-->src\main\AndroidManifest.xml:20:9-54
39        android:supportsRtl="true"
39-->src\main\AndroidManifest.xml:21:9-35
40        android:theme="@style/Theme.Titak" >
40-->src\main\AndroidManifest.xml:22:9-43
41        <provider
42            android:name="androidx.core.content.FileProvider"
42-->src\main\AndroidManifest.xml:25:13-62
43            android:authorities="com.efe.titak.fileprovider"
43-->src\main\AndroidManifest.xml:26:13-64
44            android:exported="false"
44-->src\main\AndroidManifest.xml:27:13-37
45            android:grantUriPermissions="true" >
45-->src\main\AndroidManifest.xml:28:13-47
46            <meta-data
46-->src\main\AndroidManifest.xml:29:13-31:54
47                android:name="android.support.FILE_PROVIDER_PATHS"
47-->src\main\AndroidManifest.xml:30:17-67
48                android:resource="@xml/file_paths" />
48-->src\main\AndroidManifest.xml:31:17-51
49        </provider>
50
51        <!-- Ana Ekran -->
52        <activity
52-->src\main\AndroidManifest.xml:35:9-43:20
53            android:name="com.efe.titak.MainActivity"
53-->src\main\AndroidManifest.xml:36:13-41
54            android:exported="true"
54-->src\main\AndroidManifest.xml:37:13-36
55            android:screenOrientation="portrait" >
55-->src\main\AndroidManifest.xml:38:13-49
56            <intent-filter>
56-->src\main\AndroidManifest.xml:39:13-42:29
57                <action android:name="android.intent.action.MAIN" />
57-->src\main\AndroidManifest.xml:40:17-69
57-->src\main\AndroidManifest.xml:40:25-66
58
59                <category android:name="android.intent.category.LAUNCHER" />
59-->src\main\AndroidManifest.xml:41:17-77
59-->src\main\AndroidManifest.xml:41:27-74
60            </intent-filter>
61        </activity>
62        <activity
62-->src\main\AndroidManifest.xml:45:9-79
63            android:name="com.efe.titak.SettingsActivity"
63-->src\main\AndroidManifest.xml:45:19-51
64            android:exported="false" />
64-->src\main\AndroidManifest.xml:45:52-76
65        <activity
65-->src\main\AndroidManifest.xml:46:9-75
66            android:name="com.efe.titak.LockActivity"
66-->src\main\AndroidManifest.xml:46:19-47
67            android:exported="false" />
67-->src\main\AndroidManifest.xml:46:48-72
68        <activity
68-->src\main\AndroidManifest.xml:47:9-75
69            android:name="com.efe.titak.NoteActivity"
69-->src\main\AndroidManifest.xml:47:19-47
70            android:exported="false" />
70-->src\main\AndroidManifest.xml:47:48-72
71        <activity
71-->src\main\AndroidManifest.xml:48:9-81
72            android:name="com.efe.titak.NoteEditorActivity"
72-->src\main\AndroidManifest.xml:48:19-53
73            android:exported="false" />
73-->src\main\AndroidManifest.xml:48:54-78
74
75        <!-- Kayan Widget Servisi (Overlay) -->
76        <service
76-->src\main\AndroidManifest.xml:51:9-58:19
77            android:name="com.efe.titak.OverlayService"
77-->src\main\AndroidManifest.xml:52:13-43
78            android:exported="false"
78-->src\main\AndroidManifest.xml:53:13-37
79            android:foregroundServiceType="specialUse" >
79-->src\main\AndroidManifest.xml:54:13-55
80            <property
80-->src\main\AndroidManifest.xml:55:13-57:57
81                android:name="android.app.PROPERTY_SPECIAL_USE_FGS_SUBTYPE"
81-->src\main\AndroidManifest.xml:56:17-76
82                android:value="Kayan bot kontrolcüsü" />
82-->src\main\AndroidManifest.xml:57:17-54
83        </service>
84        <service
84-->src\main\AndroidManifest.xml:60:9-68:19
85            android:name="com.efe.titak.ScreenCaptureService"
85-->src\main\AndroidManifest.xml:61:13-49
86            android:enabled="true"
86-->src\main\AndroidManifest.xml:62:13-35
87            android:exported="false"
87-->src\main\AndroidManifest.xml:63:13-37
88            android:foregroundServiceType="mediaProjection" >
88-->src\main\AndroidManifest.xml:64:13-60
89            <property
89-->src\main\AndroidManifest.xml:55:13-57:57
90                android:name="android.app.PROPERTY_SPECIAL_USE_FGS_SUBTYPE"
90-->src\main\AndroidManifest.xml:56:17-76
91                android:value="Ekran okuma servisi" />
91-->src\main\AndroidManifest.xml:57:17-54
92        </service>
93
94        <!-- TikTok Erişilebilirlik Servisi (Otomatik Tıklama) -->
95        <service
95-->src\main\AndroidManifest.xml:71:9-82:19
96            android:name="com.efe.titak.BotAccessibilityService"
96-->src\main\AndroidManifest.xml:72:13-52
97            android:exported="true"
97-->src\main\AndroidManifest.xml:73:13-36
98            android:label="@string/accessibility_label"
98-->src\main\AndroidManifest.xml:74:13-56
99            android:permission="android.permission.BIND_ACCESSIBILITY_SERVICE" >
99-->src\main\AndroidManifest.xml:75:13-79
100            <intent-filter>
100-->src\main\AndroidManifest.xml:76:13-78:29
101                <action android:name="android.accessibilityservice.AccessibilityService" />
101-->src\main\AndroidManifest.xml:77:17-92
101-->src\main\AndroidManifest.xml:77:25-89
102            </intent-filter>
103
104            <meta-data
104-->src\main\AndroidManifest.xml:79:13-81:64
105                android:name="android.accessibilityservice"
105-->src\main\AndroidManifest.xml:80:17-60
106                android:resource="@xml/accessibility_config" />
106-->src\main\AndroidManifest.xml:81:17-61
107        </service>
108
109        <provider
109-->[androidx.emoji2:emoji2:1.2.0] AndroidManifest.xml:24:9-32:20
110            android:name="androidx.startup.InitializationProvider"
110-->[androidx.emoji2:emoji2:1.2.0] AndroidManifest.xml:25:13-67
111            android:authorities="com.efe.titak.androidx-startup"
111-->[androidx.emoji2:emoji2:1.2.0] AndroidManifest.xml:26:13-68
112            android:exported="false" >
112-->[androidx.emoji2:emoji2:1.2.0] AndroidManifest.xml:27:13-37
113            <meta-data
113-->[androidx.emoji2:emoji2:1.2.0] AndroidManifest.xml:29:13-31:52
114                android:name="androidx.emoji2.text.EmojiCompatInitializer"
114-->[androidx.emoji2:emoji2:1.2.0] AndroidManifest.xml:30:17-75
115                android:value="androidx.startup" />
115-->[androidx.emoji2:emoji2:1.2.0] AndroidManifest.xml:31:17-49
116            <meta-data
116-->[androidx.lifecycle:lifecycle-process:2.6.1] AndroidManifest.xml:29:13-31:52
117                android:name="androidx.lifecycle.ProcessLifecycleInitializer"
117-->[androidx.lifecycle:lifecycle-process:2.6.1] AndroidManifest.xml:30:17-78
118                android:value="androidx.startup" />
118-->[androidx.lifecycle:lifecycle-process:2.6.1] AndroidManifest.xml:31:17-49
119            <meta-data
119-->[androidx.profileinstaller:profileinstaller:1.3.0] AndroidManifest.xml:29:13-31:52
120                android:name="androidx.profileinstaller.ProfileInstallerInitializer"
120-->[androidx.profileinstaller:profileinstaller:1.3.0] AndroidManifest.xml:30:17-85
121                android:value="androidx.startup" />
121-->[androidx.profileinstaller:profileinstaller:1.3.0] AndroidManifest.xml:31:17-49
122        </provider>
123
124        <receiver
124-->[androidx.profileinstaller:profileinstaller:1.3.0] AndroidManifest.xml:34:9-52:20
125            android:name="androidx.profileinstaller.ProfileInstallReceiver"
125-->[androidx.profileinstaller:profileinstaller:1.3.0] AndroidManifest.xml:35:13-76
126            android:directBootAware="false"
126-->[androidx.profileinstaller:profileinstaller:1.3.0] AndroidManifest.xml:36:13-44
127            android:enabled="true"
127-->[androidx.profileinstaller:profileinstaller:1.3.0] AndroidManifest.xml:37:13-35
128            android:exported="true"
128-->[androidx.profileinstaller:profileinstaller:1.3.0] AndroidManifest.xml:38:13-36
129            android:permission="android.permission.DUMP" >
129-->[androidx.profileinstaller:profileinstaller:1.3.0] AndroidManifest.xml:39:13-57
130            <intent-filter>
130-->[androidx.profileinstaller:profileinstaller:1.3.0] AndroidManifest.xml:40:13-42:29
131                <action android:name="androidx.profileinstaller.action.INSTALL_PROFILE" />
131-->[androidx.profileinstaller:profileinstaller:1.3.0] AndroidManifest.xml:41:17-91
131-->[androidx.profileinstaller:profileinstaller:1.3.0] AndroidManifest.xml:41:25-88
132            </intent-filter>
133            <intent-filter>
133-->[androidx.profileinstaller:profileinstaller:1.3.0] AndroidManifest.xml:43:13-45:29
134                <action android:name="androidx.profileinstaller.action.SKIP_FILE" />
134-->[androidx.profileinstaller:profileinstaller:1.3.0] AndroidManifest.xml:44:17-85
134-->[androidx.profileinstaller:profileinstaller:1.3.0] AndroidManifest.xml:44:25-82
135            </intent-filter>
136            <intent-filter>
136-->[androidx.profileinstaller:profileinstaller:1.3.0] AndroidManifest.xml:46:13-48:29
137                <action android:name="androidx.profileinstaller.action.SAVE_PROFILE" />
137-->[androidx.profileinstaller:profileinstaller:1.3.0] AndroidManifest.xml:47:17-88
137-->[androidx.profileinstaller:profileinstaller:1.3.0] AndroidManifest.xml:47:25-85
138            </intent-filter>
139            <intent-filter>
139-->[androidx.profileinstaller:profileinstaller:1.3.0] AndroidManifest.xml:49:13-51:29
140                <action android:name="androidx.profileinstaller.action.BENCHMARK_OPERATION" />
140-->[androidx.profileinstaller:profileinstaller:1.3.0] AndroidManifest.xml:50:17-95
140-->[androidx.profileinstaller:profileinstaller:1.3.0] AndroidManifest.xml:50:25-92
141            </intent-filter>
142        </receiver>
143    </application>
144
145</manifest>